<?xml version="1.0" encoding="utf-8"?><testsuites><testsuite errors="0" failures="1" hostname="ATMECSBLRLT-046" name="pytest" skipped="0" tests="16" time="0.168" timestamp="2021-02-28T23:34:52.793008"><testcase classname="test_accum" name="test_accumulator_init" time="0.002" /><testcase classname="test_accum" name="test_accumulator_add_one" time="0.001" /><testcase classname="test_accum" name="test_accumulator_add_three" time="0.002" /><testcase classname="test_accum" name="test_accumulator_add_twice" time="0.002" /><testcase classname="test_accum" name="test_accumulator_cannot_set_count_directly" time="0.002" /><testcase classname="test_math" name="test_divide_by_zero" time="0.002" /><testcase classname="test_math" name="test_add_one" time="0.001"><failure message="assert (1 + 1) == 0">def test_add_one():
&gt;    assert 1+1 ==0
E    assert (1 + 1) == 0

test_math.py:15: AssertionError</failure></testcase><testcase classname="test_math" name="test_parametrize[2-3-6]" time="0.001" /><testcase classname="test_math" name="test_parametrize[1-99-99]" time="0.001" /><testcase classname="test_math" name="test_parametrize[5--3--15]" time="0.001" /><testcase classname="test_param" name="test_multiplication[2-3-6]" time="0.001" /><testcase classname="test_param" name="test_multiplication[1-99-99]" time="0.001" /><testcase classname="test_param" name="test_multiplication[0-99-0]" time="0.001" /><testcase classname="test_param" name="test_multiplication[3--4--12]" time="0.001" /><testcase classname="test_param" name="test_multiplication[-5--5-25]" time="0.001" /><testcase classname="test_param" name="test_multiplication[2.5-6.7-16.75]" time="0.001" /></testsuite></testsuites>